<?xml version="1.0" encoding="UTF-8"?>
<!-- Generated by org.testng.reporters.JUnitReportReporter -->
<testsuite skipped="0" hostname="YH1005912DT" name="org.yash.poc.executionengine.Login" tests="3" failures="0" timestamp="15 Nov 2017 10:58:34 GMT" time="62.724" errors="0">
  <testcase name="udemyInvalidUserSigninVerification" time="26.317" classname="org.yash.poc.executionengine.Login"/>
  <testcase name="udemyValidUserSigninVerification" time="18.708" classname="org.yash.poc.executionengine.Login"/>
  <testcase name="LogoutVerification" time="17.699" classname="org.yash.poc.executionengine.Login"/>
</testsuite> <!-- org.yash.poc.executionengine.Login -->
