<?xml version="1.0" encoding="UTF-8"?>
<!-- Generated by org.testng.reporters.JUnitReportReporter -->
<testsuite skipped="0" hostname="YH1005912DT" name="com.yash.poc.executionengine.AddCourseToCart" tests="1" failures="0" timestamp="22 Nov 2017 15:37:52 GMT" time="80.354" errors="0">
  <testcase name="addCourseToCart" time="80.354" classname="com.yash.poc.executionengine.AddCourseToCart"/>
</testsuite> <!-- com.yash.poc.executionengine.AddCourseToCart -->
