<?xml version="1.0" encoding="UTF-8"?>
<!-- Generated by org.testng.reporters.JUnitReportReporter -->
<testsuite skipped="0" hostname="YH1005912DT" name="com.yash.poc.executionengine.AddCourseToWishList" tests="1" failures="0" timestamp="22 Nov 2017 15:37:52 GMT" time="88.056" errors="0">
  <testcase name="addCourseToWishlist" time="88.056" classname="com.yash.poc.executionengine.AddCourseToWishList"/>
</testsuite> <!-- com.yash.poc.executionengine.AddCourseToWishList -->
