<?xml version="1.0" encoding="UTF-8"?>
<!-- Generated by org.testng.reporters.JUnitReportReporter -->
<testsuite skipped="0" hostname="YH1005912DT" name="com.yash.poc.executionengine.LoginAndLogout" tests="3" failures="0" timestamp="22 Nov 2017 15:37:52 GMT" time="87.807" errors="0">
  <testcase name="udemyInvalidUserSignin" time="49.170" classname="com.yash.poc.executionengine.LoginAndLogout"/>
  <testcase name="udemyValidUserSignin" time="19.547" classname="com.yash.poc.executionengine.LoginAndLogout"/>
  <testcase name="logout" time="19.090" classname="com.yash.poc.executionengine.LoginAndLogout"/>
</testsuite> <!-- com.yash.poc.executionengine.LoginAndLogout -->
