<?xml version="1.0" encoding="UTF-8"?>
<!-- Generated by org.testng.reporters.JUnitReportReporter -->
<testsuite skipped="0" hostname="YH1005912DT" name="com.yash.poc.executionengine.AddToWishList" tests="1" failures="0" timestamp="15 Nov 2017 16:16:10 GMT" time="49.087" errors="0">
  <testcase name="addcourcetowishlist" time="49.087" classname="com.yash.poc.executionengine.AddToWishList"/>
</testsuite> <!-- com.yash.poc.executionengine.AddToWishList -->
