<?xml version="1.0" encoding="UTF-8"?>
<!-- Generated by org.testng.reporters.JUnitReportReporter -->
<testsuite skipped="0" hostname="YH1005912DT" name="org.yash.poc.executionengine.Signup" tests="1" failures="0" timestamp="15 Nov 2017 08:20:49 GMT" time="28.225" errors="0">
  <testcase name="udemyValidUserSigninVerification" time="28.225" classname="org.yash.poc.executionengine.Signup"/>
</testsuite> <!-- org.yash.poc.executionengine.Signup -->
